{
  "RSpec": {
    "coverage": {
      "/home/vishal/workspace/rspec-demo/config/environment.rb": [
        null,
        1,
        null,
        null,
        1
      ],
      "/home/vishal/workspace/rspec-demo/config/application.rb": [
        1,
        null,
        1,
        null,
        null,
        null,
        1,
        null,
        1,
        1,
        null,
        null,
        null,
        null,
        null,
        null,
        null,
        null,
        null,
        null,
        null,
        null,
        null,
        1,
        null,
        null
      ],
      "/home/vishal/workspace/rspec-demo/config/boot.rb": [
        1,
        null,
        1
      ],
      "/home/vishal/workspace/rspec-demo/config/environments/development.rb": [
        1,
        null,
        null,
        null,
        null,
        null,
        1,
        null,
        null,
        1,
        null,
        null,
        1,
        1,
        null,
        null,
        1,
        null,
        null,
        1,
        null,
        null,
        1,
        null,
        null,
        null,
        null,
        1,
        null,
        null,
        null,
        1,
        null,
        null,
        null,
        null,
        1,
        null,
        null,
        null,
        null
      ],
      "/home/vishal/workspace/rspec-demo/config/initializers/assets.rb": [
        null,
        null,
        null,
        1,
        null,
        null,
        null,
        null,
        null,
        null,
        null
      ],
      "/home/vishal/workspace/rspec-demo/config/initializers/backtrace_silencers.rb": [
        null,
        null,
        null,
        null,
        null,
        null,
        null
      ],
      "/home/vishal/workspace/rspec-demo/config/initializers/cookies_serializer.rb": [
        null,
        null,
        1
      ],
      "/home/vishal/workspace/rspec-demo/config/initializers/filter_parameter_logging.rb": [
        null,
        null,
        null,
        1
      ],
      "/home/vishal/workspace/rspec-demo/config/initializers/inflections.rb": [
        null,
        null,
        null,
        null,
        null,
        null,
        null,
        null,
        null,
        null,
        null,
        null,
        null,
        null,
        null,
        null
      ],
      "/home/vishal/workspace/rspec-demo/config/initializers/mime_types.rb": [
        null,
        null,
        null,
        null
      ],
      "/home/vishal/workspace/rspec-demo/config/initializers/session_store.rb": [
        null,
        null,
        1
      ],
      "/home/vishal/workspace/rspec-demo/config/initializers/wrap_parameters.rb": [
        null,
        null,
        null,
        null,
        null,
        null,
        1,
        1,
        null,
        null,
        null,
        null,
        null,
        null
      ],
      "/home/vishal/workspace/rspec-demo/spec/factories/comments.rb": [
        1,
        1,
        1,
        1,
        null,
        null
      ],
      "/home/vishal/workspace/rspec-demo/spec/factories/posts.rb": [
        1,
        1,
        1,
        1,
        null,
        null,
        1,
        1,
        1,
        null,
        null,
        null
      ],
      "/home/vishal/workspace/rspec-demo/config/routes.rb": [
        1,
        null,
        null,
        null,
        null,
        null,
        null,
        null,
        null,
        null,
        null,
        null,
        null,
        null,
        null,
        null,
        null,
        null,
        null,
        null,
        null,
        null,
        null,
        null,
        null,
        null,
        null,
        null,
        null,
        null,
        null,
        null,
        null,
        null,
        null,
        null,
        null,
        null,
        null,
        null,
        null,
        null,
        null,
        null,
        null,
        null,
        null,
        null,
        null,
        null,
        null,
        null,
        null,
        null,
        null,
        null
      ],
      "/home/vishal/workspace/rspec-demo/app/helpers/application_helper.rb": [
        1,
        null
      ],
      "/home/vishal/workspace/rspec-demo/spec/models/comment_spec.rb": [
        1,
        null,
        1,
        1,
        2,
        1,
        1,
        null,
        null,
        null
      ],
      "/home/vishal/workspace/rspec-demo/spec/rails_helper.rb": [
        null,
        1,
        1,
        null,
        1,
        1,
        1,
        null,
        null,
        null,
        null,
        null,
        null,
        null,
        null,
        null,
        null,
        null,
        null,
        null,
        null,
        null,
        null,
        null,
        null,
        null,
        1,
        null,
        1,
        null,
        1,
        null,
        null,
        null,
        null,
        1,
        null,
        null,
        null,
        null,
        null,
        null,
        null,
        null,
        null,
        null,
        null,
        null,
        null,
        null,
        1,
        null,
        null,
        1,
        null,
        null,
        null
      ],
      "/home/vishal/workspace/rspec-demo/app/models/comment.rb": [
        1,
        1,
        1,
        null
      ],
      "/home/vishal/workspace/rspec-demo/spec/models/post_spec.rb": [
        1,
        null,
        1,
        1,
        2,
        null,
        1,
        1,
        null,
        null,
        1,
        1,
        1,
        null,
        null,
        1,
        1,
        1,
        null,
        null,
        null,
        1,
        1,
        1,
        1,
        null,
        null,
        null,
        1,
        2,
        1,
        1,
        null,
        null,
        null,
        1,
        2,
        1,
        1,
        1,
        1,
        null,
        null,
        null
      ],
      "/home/vishal/workspace/rspec-demo/app/models/post.rb": [
        1,
        1,
        1,
        null,
        1,
        1,
        null,
        null
      ]
    },
    "timestamp": 1454697827
  }
}
